<?xml version="1.0" encoding="UTF-8"?>
<!-- Generated by org.testng.reporters.JUnitReportReporter -->
<testsuite hostname="DIN82001000" failures="0" tests="4" name="com.runner.RunnerforLogin" time="31.783" errors="0" timestamp="2021-08-09T19:20:36 IST" skipped="0">
  <testcase classname="com.runner.RunnerforLogin" name="runScenario" time="8.590"/>
  <system-out/>
  <testcase classname="com.runner.RunnerforLogin" name="runScenario" time="7.733"/>
  <system-out/>
  <testcase classname="com.runner.RunnerforLogin" name="runScenario" time="10.118"/>
  <system-out/>
  <testcase classname="com.runner.RunnerforLogin" name="runScenario" time="5.342"/>
  <system-out/>
</testsuite> <!-- com.runner.RunnerforLogin -->
