<?xml version="1.0" encoding="UTF-8"?>
<!-- Generated by org.testng.reporters.JUnitReportReporter -->
<testsuite hostname="DIN82001000" failures="0" tests="1" name="Parameterization.RegisterbyPassingParams" time="5.903" errors="0" timestamp="2021-08-09T19:20:36 IST" skipped="0">
  <testcase classname="Parameterization.RegisterbyPassingParams" name="login" time="5.903"/>
  <system-out/>
</testsuite> <!-- Parameterization.RegisterbyPassingParams -->
