<?xml version="1.0" encoding="UTF-8"?>
<!-- Generated by org.testng.reporters.JUnitReportReporter -->
<testsuite hostname="DIN82001000" failures="0" tests="6" name="com.runner.DemocartRunnertwo" time="41.894" errors="0" timestamp="2021-09-07T10:35:49 IST" skipped="0">
  <testcase classname="com.runner.DemocartRunnertwo" name="runScenario" time="7.756"/>
  <system-out/>
  <testcase classname="com.runner.DemocartRunnertwo" name="runScenario" time="5.619"/>
  <system-out/>
  <testcase classname="com.runner.DemocartRunnertwo" name="runScenario" time="6.777"/>
  <system-out/>
  <testcase classname="com.runner.DemocartRunnertwo" name="runScenario" time="5.636"/>
  <system-out/>
  <testcase classname="com.runner.DemocartRunnertwo" name="runScenario" time="7.634"/>
  <system-out/>
  <testcase classname="com.runner.DemocartRunnertwo" name="runScenario" time="8.472"/>
  <system-out/>
</testsuite> <!-- com.runner.DemocartRunnertwo -->
