<?xml version="1.0" encoding="UTF-8"?>
<!-- Generated by org.testng.reporters.JUnitReportReporter -->
<testsuite hostname="DIN82001000" failures="0" tests="1" name="Parameterization.LoginbypassingParams" time="5.688" errors="0" timestamp="2021-08-09T19:20:36 IST" skipped="0">
  <testcase classname="Parameterization.LoginbypassingParams" name="login" time="5.688"/>
  <system-out/>
</testsuite> <!-- Parameterization.LoginbypassingParams -->
