<?xml version="1.0" encoding="UTF-8"?>
<!-- Generated by org.testng.reporters.JUnitReportReporter -->
<testsuite hostname="DIN82001000" failures="0" tests="1" name="runner.Runnerforflipcart" time="20.798" errors="0" timestamp="2021-09-22T17:51:30 IST" skipped="0">
  <testcase classname="runner.Runnerforflipcart" name="runScenario" time="20.798"/>
  <system-out/>
</testsuite> <!-- runner.Runnerforflipcart -->
